<?xml version="1.0" encoding="UTF-8"?>
<robot generator="Robot 7.3.2 (Python 3.13.7 on win32)" generated="2025-09-09T19:08:12.261185" rpa="false" schemaversion="5">
<suite id="s1" name="Tests-Login" source="C:\Automação de Testes\Robot Framework\Projeto01\tests\tests-login.robot">
<test id="s1-t1" name="Autenticação de usuário com sucesso" line="20">
<kw name="Open Browser" owner="SeleniumLibrary">
<msg time="2025-09-09T19:08:12.484301" level="INFO">Opening browser 'chrome' to base url 'https://the-internet.herokuapp.com/login'.</msg>
<msg time="2025-09-09T19:08:12.547789" level="WARN">The chromedriver version (139.0.7258.154) detected in PATH at C:\Automação de Testes\Robot Framework\chromedriver-win64\chromedriver.exe might not be compatible with the detected chrome version (140.0.7339.81); currently, chromedriver 140.0.7339.81 is recommended for chrome 140.*, so it is advised to delete the driver in PATH and retry</msg>
<arg>${URL}</arg>
<arg>chrome</arg>
<doc>Opens a new browser instance to the optional ``url``.</doc>
<status status="PASS" start="2025-09-09T19:08:12.484122" elapsed="3.338048"/>
</kw>
<kw name="Input Text" owner="SeleniumLibrary">
<msg time="2025-09-09T19:08:15.823199" level="INFO">Typing text 'tomsmith' into text field 'xpath=//*[@id="username"]'.</msg>
<arg>${USERNAME_FIELD}</arg>
<arg>tomsmith</arg>
<doc>Types the given ``text`` into the text field identified by ``locator``.</doc>
<status status="PASS" start="2025-09-09T19:08:15.822826" elapsed="0.069495"/>
</kw>
<kw name="Input Password" owner="SeleniumLibrary">
<msg time="2025-09-09T19:08:15.892878" level="INFO">Typing password into text field 'xpath=//*[@id="password"]'.</msg>
<msg time="2025-09-09T19:08:15.913616" level="INFO">Temporally setting log level to: NONE</msg>
<arg>${PASSWORD_FIELD}</arg>
<arg>SuperSecretPassword!</arg>
<doc>Types the given password into the text field identified by ``locator``.</doc>
<status status="PASS" start="2025-09-09T19:08:15.892657" elapsed="0.048020"/>
</kw>
<kw name="Click Button" owner="SeleniumLibrary">
<msg time="2025-09-09T19:08:15.941137" level="INFO">Clicking button 'xpath=//*[@id="login"]/button'.</msg>
<arg>${LOGIN_BUTTON}</arg>
<doc>Clicks the button identified by ``locator``.</doc>
<status status="PASS" start="2025-09-09T19:08:15.940942" elapsed="0.050191"/>
</kw>
<kw name="Wait Until Element Is Visible" owner="SeleniumLibrary">
<arg>${SUCCESS_MESSAGE}</arg>
<doc>Waits until the element ``locator`` is visible.</doc>
<status status="PASS" start="2025-09-09T19:08:15.991400" elapsed="0.379702"/>
</kw>
<kw name="Element Should Contain" owner="SeleniumLibrary">
<msg time="2025-09-09T19:08:16.385790" level="INFO">Element 'xpath=//*[@id="flash"]' contains text 'You logged into a secure area!'.</msg>
<arg>${SUCCESS_MESSAGE}</arg>
<arg>You logged into a secure area!</arg>
<doc>Verifies that element ``locator`` contains text ``expected``.</doc>
<status status="PASS" start="2025-09-09T19:08:16.371454" elapsed="0.014412"/>
</kw>
<kw name="Capture Page Screenshot" owner="SeleniumLibrary">
<msg time="2025-09-09T19:08:16.483649" level="INFO" html="true">&lt;/td&gt;&lt;/tr&gt;&lt;tr&gt;&lt;td colspan="3"&gt;&lt;a href="selenium-screenshot-2.png"&gt;&lt;img src="selenium-screenshot-2.png" width="800px"&gt;&lt;/a&gt;</msg>
<doc>Takes a screenshot of the current page and embeds it into a log file.</doc>
<status status="PASS" start="2025-09-09T19:08:16.386164" elapsed="0.097574"/>
</kw>
<doc>Realizar a autenticação de um usuário com sucesso</doc>
<status status="PASS" start="2025-09-09T19:08:12.483258" elapsed="4.000866"/>
</test>
<status status="PASS" start="2025-09-09T19:08:12.262196" elapsed="4.222730"/>
</suite>
<statistics>
<total>
<stat pass="1" fail="0" skip="0">All Tests</stat>
</total>
<tag>
</tag>
<suite>
<stat name="Tests-Login" id="s1" pass="1" fail="0" skip="0">Tests-Login</stat>
</suite>
</statistics>
<errors>
<msg time="2025-09-09T19:08:12.547789" level="WARN">The chromedriver version (139.0.7258.154) detected in PATH at C:\Automação de Testes\Robot Framework\chromedriver-win64\chromedriver.exe might not be compatible with the detected chrome version (140.0.7339.81); currently, chromedriver 140.0.7339.81 is recommended for chrome 140.*, so it is advised to delete the driver in PATH and retry</msg>
</errors>
</robot>
